07-Feb-2019 19:35:28.074 INFO [main] org.apache.catalina.core.ApplicationContext.log ContextListener: contextInitialized()
07-Feb-2019 19:35:28.075 INFO [main] org.apache.catalina.core.ApplicationContext.log SessionListener: contextInitialized()
07-Feb-2019 19:35:28.077 INFO [main] org.apache.catalina.core.ApplicationContext.log ContextListener: attributeAdded('StockTicker', 'async.Stockticker@7c6908d7')
07-Feb-2019 20:08:39.441 INFO [Catalina-utility-1] org.apache.catalina.core.ApplicationContext.log SessionListener: contextDestroyed()
07-Feb-2019 20:08:39.441 INFO [Catalina-utility-1] org.apache.catalina.core.ApplicationContext.log ContextListener: contextDestroyed()
07-Feb-2019 21:14:29.660 INFO [main] org.apache.catalina.core.ApplicationContext.log ContextListener: contextInitialized()
07-Feb-2019 21:14:29.665 INFO [main] org.apache.catalina.core.ApplicationContext.log SessionListener: contextInitialized()
07-Feb-2019 21:14:29.666 INFO [main] org.apache.catalina.core.ApplicationContext.log ContextListener: attributeAdded('StockTicker', 'async.Stockticker@7c6908d7')
07-Feb-2019 21:19:06.594 INFO [main] org.apache.catalina.core.ApplicationContext.log ContextListener: contextInitialized()
07-Feb-2019 21:19:06.595 INFO [main] org.apache.catalina.core.ApplicationContext.log SessionListener: contextInitialized()
07-Feb-2019 21:19:06.596 INFO [main] org.apache.catalina.core.ApplicationContext.log ContextListener: attributeAdded('StockTicker', 'async.Stockticker@7eac9008')
07-Feb-2019 21:19:06.742 INFO [main] org.apache.catalina.core.ApplicationContext.log SessionListener: contextDestroyed()
07-Feb-2019 21:19:06.743 INFO [main] org.apache.catalina.core.ApplicationContext.log ContextListener: contextDestroyed()
07-Feb-2019 21:19:08.957 INFO [main] org.apache.catalina.core.ApplicationContext.log SessionListener: contextDestroyed()
07-Feb-2019 21:19:08.957 INFO [main] org.apache.catalina.core.ApplicationContext.log ContextListener: contextDestroyed()
07-Feb-2019 21:19:46.455 INFO [main] org.apache.catalina.core.ApplicationContext.log ContextListener: contextInitialized()
07-Feb-2019 21:19:46.455 INFO [main] org.apache.catalina.core.ApplicationContext.log SessionListener: contextInitialized()
07-Feb-2019 21:19:46.457 INFO [main] org.apache.catalina.core.ApplicationContext.log ContextListener: attributeAdded('StockTicker', 'async.Stockticker@7c6908d7')
07-Feb-2019 21:19:50.393 INFO [main] org.apache.catalina.core.ApplicationContext.log SessionListener: contextDestroyed()
07-Feb-2019 21:19:50.394 INFO [main] org.apache.catalina.core.ApplicationContext.log ContextListener: contextDestroyed()
07-Feb-2019 21:28:57.610 INFO [main] org.apache.catalina.core.ApplicationContext.log ContextListener: contextInitialized()
07-Feb-2019 21:28:57.613 INFO [main] org.apache.catalina.core.ApplicationContext.log SessionListener: contextInitialized()
07-Feb-2019 21:28:57.614 INFO [main] org.apache.catalina.core.ApplicationContext.log ContextListener: attributeAdded('StockTicker', 'async.Stockticker@7c6908d7')
07-Feb-2019 21:29:07.257 INFO [main] org.apache.catalina.core.ApplicationContext.log SessionListener: contextDestroyed()
07-Feb-2019 21:29:07.259 INFO [main] org.apache.catalina.core.ApplicationContext.log ContextListener: contextDestroyed()
07-Feb-2019 21:29:07.456 INFO [main] org.apache.catalina.core.ApplicationContext.log ContextListener: contextInitialized()
07-Feb-2019 21:29:07.461 INFO [main] org.apache.catalina.core.ApplicationContext.log SessionListener: contextInitialized()
07-Feb-2019 21:29:07.462 INFO [main] org.apache.catalina.core.ApplicationContext.log ContextListener: attributeAdded('StockTicker', 'async.Stockticker@7eac9008')
07-Feb-2019 21:29:09.353 INFO [main] org.apache.catalina.core.ApplicationContext.log SessionListener: contextDestroyed()
07-Feb-2019 21:29:09.354 INFO [main] org.apache.catalina.core.ApplicationContext.log ContextListener: contextDestroyed()
07-Feb-2019 21:29:19.379 INFO [main] org.apache.catalina.core.ApplicationContext.log ContextListener: contextInitialized()
07-Feb-2019 21:29:19.385 INFO [main] org.apache.catalina.core.ApplicationContext.log SessionListener: contextInitialized()
07-Feb-2019 21:29:19.386 INFO [main] org.apache.catalina.core.ApplicationContext.log ContextListener: attributeAdded('StockTicker', 'async.Stockticker@7c6908d7')
07-Feb-2019 21:30:34.281 INFO [main] org.apache.catalina.core.ApplicationContext.log ContextListener: contextInitialized()
07-Feb-2019 21:30:34.281 INFO [main] org.apache.catalina.core.ApplicationContext.log SessionListener: contextInitialized()
07-Feb-2019 21:30:34.282 INFO [main] org.apache.catalina.core.ApplicationContext.log ContextListener: attributeAdded('StockTicker', 'async.Stockticker@7eac9008')
07-Feb-2019 21:30:34.418 INFO [main] org.apache.catalina.core.ApplicationContext.log SessionListener: contextDestroyed()
07-Feb-2019 21:30:34.418 INFO [main] org.apache.catalina.core.ApplicationContext.log ContextListener: contextDestroyed()
07-Feb-2019 22:11:20.294 INFO [main] org.apache.catalina.core.ApplicationContext.log ContextListener: contextInitialized()
07-Feb-2019 22:11:20.297 INFO [main] org.apache.catalina.core.ApplicationContext.log SessionListener: contextInitialized()
07-Feb-2019 22:11:20.298 INFO [main] org.apache.catalina.core.ApplicationContext.log ContextListener: attributeAdded('StockTicker', 'async.Stockticker@7eac9008')
07-Feb-2019 22:11:20.444 INFO [main] org.apache.catalina.core.ApplicationContext.log SessionListener: contextDestroyed()
07-Feb-2019 22:11:20.444 INFO [main] org.apache.catalina.core.ApplicationContext.log ContextListener: contextDestroyed()
07-Feb-2019 22:15:05.397 INFO [main] org.apache.catalina.core.ApplicationContext.log ContextListener: contextInitialized()
07-Feb-2019 22:15:05.398 INFO [main] org.apache.catalina.core.ApplicationContext.log SessionListener: contextInitialized()
07-Feb-2019 22:15:05.399 INFO [main] org.apache.catalina.core.ApplicationContext.log ContextListener: attributeAdded('StockTicker', 'async.Stockticker@7c6908d7')
07-Feb-2019 22:36:19.761 INFO [main] org.apache.catalina.core.ApplicationContext.log SessionListener: contextDestroyed()
07-Feb-2019 22:36:19.762 INFO [main] org.apache.catalina.core.ApplicationContext.log ContextListener: contextDestroyed()
07-Feb-2019 22:41:32.615 INFO [main] org.apache.catalina.core.ApplicationContext.log ContextListener: contextInitialized()
07-Feb-2019 22:41:32.615 INFO [main] org.apache.catalina.core.ApplicationContext.log SessionListener: contextInitialized()
07-Feb-2019 22:41:32.617 INFO [main] org.apache.catalina.core.ApplicationContext.log ContextListener: attributeAdded('StockTicker', 'async.Stockticker@7c6908d7')
07-Feb-2019 22:47:43.804 INFO [Catalina-utility-1] org.apache.catalina.core.ApplicationContext.log SessionListener: contextDestroyed()
07-Feb-2019 22:47:43.805 INFO [Catalina-utility-1] org.apache.catalina.core.ApplicationContext.log ContextListener: contextDestroyed()
